{
  "RSpec": {
    "coverage": {
      "/home/saasbook/Desktop/youth-media-tracker/app/controllers/application_controller.rb": [
        1,
        null,
        null,
        1,
        null,
        1,
        null,
        1,
        null,
        1,
        0,
        null,
        0,
        null,
        null,
        null
      ],
      "/home/saasbook/Desktop/youth-media-tracker/app/helpers/application_helper.rb": [
        1,
        null
      ],
      "/home/saasbook/Desktop/youth-media-tracker/app/models/user.rb": [
        1,
        1,
        1,
        null,
        1,
        1,
        null,
        1,
        null,
        1,
        1,
        null,
        1,
        46,
        null,
        null,
        null,
        null,
        1,
        null,
        null,
        1,
        27,
        27,
        1,
        1,
        1,
        null,
        null,
        null,
        null
      ],
      "/home/saasbook/Desktop/youth-media-tracker/app/models/zipcode.rb": [
        1,
        1,
        0,
        null,
        null
      ],
      "/home/saasbook/Desktop/youth-media-tracker/app/controllers/visitors_controller.rb": [
        1,
        null
      ],
      "/home/saasbook/Desktop/youth-media-tracker/app/controllers/users_controller.rb": [
        1,
        1,
        1,
        null,
        1,
        5,
        null,
        null,
        1,
        2,
        2,
        2,
        1,
        null,
        null,
        null,
        null,
        1,
        1,
        1,
        1,
        null,
        0,
        null,
        null,
        null,
        1,
        1,
        1,
        1,
        null,
        null,
        1,
        null,
        1,
        8,
        1,
        null,
        null,
        null,
        1,
        1,
        null,
        null,
        null
      ]
    },
    "timestamp": 1428118426
  },
  "Cucumber Features": {
    "coverage": {
      "/home/saasbook/Desktop/youth-media-tracker/app/models/zipcode.rb": [
        1,
        1,
        0,
        null,
        null
      ],
      "/home/saasbook/Desktop/youth-media-tracker/app/controllers/visitors_controller.rb": [
        1,
        null
      ]
    },
    "timestamp": 1428118468
  }
}
