{
  "RSpec": {
    "coverage": {
      "/Volumes/Stuff/CS169/youth-media-tracker/app/controllers/application_controller.rb": [
        1,
        null,
        null,
        1,
        null,
        null,
        null,
        null,
        null,
        null,
        null,
        null,
        null,
        null,
        null,
        null
      ],
      "/Volumes/Stuff/CS169/youth-media-tracker/app/helpers/application_helper.rb": [
        1,
        null
      ],
      "/Volumes/Stuff/CS169/youth-media-tracker/app/helpers/comments_helper.rb": [
        1,
        null
      ],
      "/Volumes/Stuff/CS169/youth-media-tracker/app/helpers/pitches_helper.rb": [
        1,
        null
      ],
      "/Volumes/Stuff/CS169/youth-media-tracker/app/models/user.rb": [
        1,
        1,
        1,
        null,
        1,
        null,
        1,
        1,
        null,
        1,
        null,
        1,
        1,
        null,
        1,
        49,
        null,
        null,
        null,
        null,
        1,
        null,
        null,
        1,
        30,
        30,
        1,
        1,
        1,
        null,
        null,
        null,
        null
      ],
      "/Volumes/Stuff/CS169/youth-media-tracker/app/models/comment.rb": [
        1,
        1,
        1,
        null
      ],
      "/Volumes/Stuff/CS169/youth-media-tracker/app/models/pitch.rb": [
        1,
        1,
        null,
        1,
        1,
        null
      ],
      "/Volumes/Stuff/CS169/youth-media-tracker/app/models/zipcode.rb": [
        1,
        null
      ],
      "/Volumes/Stuff/CS169/youth-media-tracker/app/controllers/pitches_controller.rb": [
        1,
        1,
        1,
        1,
        null,
        null,
        null,
        1,
        9,
        null,
        null,
        null,
        null,
        1,
        null,
        null,
        null,
        1,
        1,
        null,
        null,
        null,
        1,
        null,
        null,
        null,
        null,
        1,
        1,
        1,
        1,
        2,
        1,
        null,
        0,
        0,
        null,
        null,
        null,
        null,
        null,
        null,
        1,
        1,
        1,
        2,
        1,
        null,
        null,
        null,
        null,
        null,
        null,
        1,
        0,
        0,
        0,
        null,
        null,
        null,
        1,
        0,
        0,
        0,
        null,
        null,
        1,
        0,
        0,
        0,
        null,
        null,
        1,
        null,
        1,
        5,
        null,
        1,
        2,
        2,
        null,
        null,
        1,
        2,
        null,
        null
      ],
      "/Volumes/Stuff/CS169/youth-media-tracker/app/controllers/users_controller.rb": [
        1,
        1,
        1,
        null,
        1,
        3,
        null,
        null,
        1,
        2,
        2,
        2,
        1,
        null,
        null,
        null,
        null,
        1,
        1,
        1,
        1,
        null,
        0,
        null,
        null,
        null,
        1,
        0,
        0,
        0,
        null,
        null,
        1,
        null,
        1,
        5,
        1,
        null,
        null,
        null,
        1,
        1,
        null,
        null,
        null
      ]
    },
    "timestamp": 1428856385
  },
  "Cucumber Features": {
    "coverage": {
      "/home/saasbook/Desktop/youth-media-tracker/app/models/zipcode.rb": [
        1,
        null
      ],
      "/home/saasbook/Desktop/youth-media-tracker/app/controllers/visitors_controller.rb": [
        1,
        null
      ]
    },
    "timestamp": 1428124437
  }
}
